<?xml version="1.0" encoding="UTF-8"?>
<!-- Generated by org.testng.reporters.JUnitReportReporter -->
<testsuite hostname="Rithesh" failures="0" tests="1" name="broken.RunningtheClass" time="48.191" errors="0" timestamp="2025-07-05T18:43:55 IST" skipped="0">
  <testcase classname="broken.RunningtheClass" name="test" time="48.191"/>
  <system-out/>
</testsuite> <!-- broken.RunningtheClass -->
