<?xml version="1.0" encoding="UTF-8"?>
<!-- Generated by org.testng.reporters.JUnitReportReporter -->
<testsuite hostname="Rithesh" failures="0" tests="1" name="broken.BROKENLinks" time="47.521" errors="0" timestamp="2025-07-05T12:55:40 IST" skipped="0">
  <testcase classname="broken.BROKENLinks" name="validation" time="47.521"/>
  <system-out/>
</testsuite> <!-- broken.BROKENLinks -->
