<?xml version="1.0" encoding="UTF-8"?>
<!-- Generated by org.testng.reporters.JUnitReportReporter -->
<testsuite hostname="Rithesh" failures="0" tests="1" name="broken.BROKENLinks" time="66.912" errors="0" timestamp="2025-07-05T18:34:33 IST" skipped="0">
  <testcase classname="broken.BROKENLinks" name="validation" time="66.912"/>
  <system-out/>
</testsuite> <!-- broken.BROKENLinks -->
