<?xml version="1.0" encoding="UTF-8"?>
<!-- Generated by org.testng.reporters.JUnitReportReporter -->
<testsuite hostname="Rithesh" failures="0" tests="1" name="broken.RunningtheClass" time="46.235" errors="0" timestamp="2025-07-05T19:07:37 IST" skipped="0">
  <testcase classname="broken.RunningtheClass" name="test" time="46.235"/>
  <system-out/>
</testsuite> <!-- broken.RunningtheClass -->
